<?xml version="1.0" encoding="UTF-8"?>
<!-- Generated by org.testng.reporters.JUnitReportReporter -->
<testsuite skipped="0" hostname="LAPTOP-IOM923T0" name="com.TestNG.DataProviderDemo" tests="2" failures="0" timestamp="2023-02-07T10:22:12 IST" time="11.026" errors="0">
  <testcase name="userLogin" time="4.823" classname="com.TestNG.DataProviderDemo"/>
  <system-out/>
  <testcase name="userLogin" time="6.203" classname="com.TestNG.DataProviderDemo"/>
  <system-out/>
</testsuite> <!-- com.TestNG.DataProviderDemo -->
