<?xml version="1.0" encoding="UTF-8"?>
<!-- Generated by org.testng.reporters.JUnitReportReporter -->
<testsuite skipped="0" hostname="LAPTOP-IOM923T0" name="com.TestNG.TestInvocationCount" tests="8" failures="0" timestamp="2023-02-05T13:01:29 IST" time="0.016" errors="0">
  <testcase name="testB" time="0.008" classname="com.TestNG.TestInvocationCount"/>
  <system-out/>
  <testcase name="testB" time="0.000" classname="com.TestNG.TestInvocationCount"/>
  <system-out/>
  <testcase name="testB" time="0.008" classname="com.TestNG.TestInvocationCount"/>
  <system-out/>
  <testcase name="testB" time="0.000" classname="com.TestNG.TestInvocationCount"/>
  <system-out/>
  <testcase name="testB" time="0.000" classname="com.TestNG.TestInvocationCount"/>
  <system-out/>
  <testcase name="testA" time="0.000" classname="com.TestNG.TestInvocationCount"/>
  <system-out/>
  <testcase name="testA" time="0.000" classname="com.TestNG.TestInvocationCount"/>
  <system-out/>
  <testcase name="testA" time="0.000" classname="com.TestNG.TestInvocationCount"/>
  <system-out/>
</testsuite> <!-- com.TestNG.TestInvocationCount -->
