<?xml version="1.0" encoding="UTF-8"?>
<!-- Generated by org.testng.reporters.JUnitReportReporter -->
<testsuite skipped="0" hostname="LAPTOP-IOM923T0" name="com.TestNG.GroupsDemo" tests="6" failures="0" timestamp="2023-02-06T11:04:28 IST" time="0.016" errors="0">
  <testcase name="projA" time="0.007" classname="com.TestNG.GroupsDemo"/>
  <system-out/>
  <testcase name="mockB" time="0.002" classname="com.TestNG.GroupsDemo"/>
  <system-out/>
  <testcase name="testA" time="0.000" classname="com.TestNG.GroupsDemo"/>
  <system-out/>
  <testcase name="projB" time="0.002" classname="com.TestNG.GroupsDemo"/>
  <system-out/>
  <testcase name="testB" time="0.002" classname="com.TestNG.GroupsDemo"/>
  <system-out/>
  <testcase name="mockA" time="0.003" classname="com.TestNG.GroupsDemo"/>
  <system-out/>
</testsuite> <!-- com.TestNG.GroupsDemo -->
