<?xml version="1.0" encoding="UTF-8"?>
<!-- Generated by org.testng.reporters.JUnitReportReporter -->
<testsuite skipped="0" hostname="LAPTOP-IOM923T0" name="com.TestNG.ParallelDemo" tests="2" failures="0" timestamp="2023-02-06T11:53:14 IST" time="8.488" errors="0">
  <testcase name="adactin" time="5.515" classname="com.TestNG.ParallelDemo"/>
  <system-out/>
  <testcase name="facebook" time="2.973" classname="com.TestNG.ParallelDemo"/>
  <system-out/>
</testsuite> <!-- com.TestNG.ParallelDemo -->
