<?xml version="1.0" encoding="UTF-8"?>
<!-- Generated by org.testng.reporters.JUnitReportReporter -->
<testsuite skipped="0" hostname="LAPTOP-IOM923T0" name="com.TestNG.TestException" tests="2" failures="0" timestamp="2023-02-05T13:33:14 IST" time="0.016" errors="0">
  <testcase name="projectA" time="0.008" classname="com.TestNG.TestException"/>
  <system-out/>
  <testcase name="projectB" time="0.008" classname="com.TestNG.TestException"/>
  <system-out/>
</testsuite> <!-- com.TestNG.TestException -->
