<?xml version="1.0" encoding="UTF-8"?>
<!-- Generated by org.testng.reporters.JUnitReportReporter -->
<testsuite skipped="0" hostname="LAPTOP-IOM923T0" name="com.TestNG.ParameterDemo2" tests="2" failures="0" timestamp="2023-02-06T11:40:41 IST" time="0.007" errors="0">
  <testcase name="userName" time="0.001" classname="com.TestNG.ParameterDemo2"/>
  <system-out/>
  <testcase name="password" time="0.006" classname="com.TestNG.ParameterDemo2"/>
  <system-out/>
</testsuite> <!-- com.TestNG.ParameterDemo2 -->
