<?xml version="1.0" encoding="UTF-8"?>
<!-- Generated by org.testng.reporters.JUnitReportReporter -->
<testsuite skipped="0" hostname="LAPTOP-IOM923T0" name="com.TestNG.TestPriority" tests="3" failures="0" timestamp="2023-02-05T12:53:19 IST" time="0.023" errors="0">
  <testcase name="userName" time="0.020" classname="com.TestNG.TestPriority"/>
  <system-out/>
  <testcase name="password" time="0.002" classname="com.TestNG.TestPriority"/>
  <system-out/>
  <testcase name="login" time="0.001" classname="com.TestNG.TestPriority"/>
  <system-out/>
</testsuite> <!-- com.TestNG.TestPriority -->
