<?xml version="1.0" encoding="UTF-8"?>
<!-- Generated by org.testng.reporters.JUnitReportReporter -->
<testsuite skipped="0" hostname="LAPTOP-IOM923T0" name="com.TestNG.ParameterDemo" tests="2" failures="0" timestamp="2023-02-06T11:26:16 IST" time="0.012" errors="0">
  <testcase name="password" time="0.010" classname="com.TestNG.ParameterDemo"/>
  <system-out/>
  <testcase name="userName" time="0.002" classname="com.TestNG.ParameterDemo"/>
  <system-out/>
</testsuite> <!-- com.TestNG.ParameterDemo -->
