<?xml version="1.0" encoding="UTF-8"?>
<!-- Generated by org.testng.reporters.JUnitReportReporter -->
<testsuite skipped="0" hostname="LAPTOP-IOM923T0" name="com.TestNG.TestIgnore" tests="1" failures="0" timestamp="2023-02-05T13:20:09 IST" time="0.011" errors="0">
  <testcase name="testB" time="0.011" classname="com.TestNG.TestIgnore"/>
  <system-out/>
</testsuite> <!-- com.TestNG.TestIgnore -->
