<?xml version="1.0" encoding="UTF-8"?>
<!-- Generated by org.testng.reporters.JUnitReportReporter -->
<testsuite skipped="0" hostname="LAPTOP-IOM923T0" name="com.TestNG.MyData" tests="4" failures="0" timestamp="2023-02-06T11:17:41 IST" time="0.010" errors="0">
  <testcase name="mockB" time="0.001" classname="com.TestNG.MyData"/>
  <system-out/>
  <testcase name="testB" time="0.001" classname="com.TestNG.MyData"/>
  <system-out/>
  <testcase name="testA" time="0.001" classname="com.TestNG.MyData"/>
  <system-out/>
  <testcase name="mockA" time="0.007" classname="com.TestNG.MyData"/>
  <system-out/>
</testsuite> <!-- com.TestNG.MyData -->
