<?xml version="1.0" encoding="UTF-8"?>
<!-- Generated by org.testng.reporters.JUnitReportReporter -->
<testsuite skipped="1" hostname="LAPTOP-IOM923T0" name="com.TestNG.TestEnabled" tests="2" failures="0" timestamp="2023-02-05T13:25:30 IST" time="0.003" errors="0">
  <testcase name="projectA" time="0.003" classname="com.TestNG.TestEnabled"/>
  <system-out/>
  <testcase name="projectB" classname="com.TestNG.TestEnabled">
    <skipped/>
  </testcase> <!-- projectB -->
  <system-out/>
</testsuite> <!-- com.TestNG.TestEnabled -->
